<?xml version="1.0" encoding="UTF-8"?>
<!-- Generated by org.testng.reporters.JUnitReportReporter -->
<testsuite hostname="Shumson" failures="0" tests="1" name="action.AlertPopUp" time="24.714" errors="0" timestamp="2024-12-29T10:04:42 EST" skipped="0">
  <testcase classname="action.AlertPopUp" name="popUpElement" time="24.714"/>
  <system-out/>
</testsuite> <!-- action.AlertPopUp -->
