<?xml version="1.0" encoding="UTF-8"?>
<!-- Generated by org.testng.reporters.JUnitReportReporter -->
<testsuite hostname="Shumson" failures="0" tests="1" name="action.Action" time="41.275" errors="0" timestamp="2024-12-29T10:04:42 EST" skipped="0">
  <testcase classname="action.Action" name="actionTest" time="41.275"/>
  <system-out/>
</testsuite> <!-- action.Action -->
